This is pdfTeX, Version 3.14159265-2.6-1.40.20 (TeX Live 2019/Debian) (preloaded format=latex 2023.10.20)  20 OCT 2023 16:25
entering extended mode
 restricted \write18 enabled.
 %&-line parsing enabled.
**vakthesis.ins
(./vakthesis.ins
LaTeX2e <2020-02-02> patch level 2
L3 programming layer <2020-02-14>
(/usr/share/texlive/texmf-dist/tex/latex/base/docstrip.tex
\blockLevel=\count167
\emptyLines=\count168
\processedLines=\count169
\commentsRemoved=\count170
\commentsPassed=\count171
\codeLinesPassed=\count172
\TotalprocessedLines=\count173
\TotalcommentsRemoved=\count174
\TotalcommentsPassed=\count175
\TotalcodeLinesPassed=\count176
\NumberOfFiles=\count177
\inFile=\read2
\inputcheck=\read3
\off@0=\count178
\off@1=\count179
\off@2=\count180
\off@3=\count181
\off@4=\count182
\off@5=\count183
\off@6=\count184
\off@7=\count185
\off@8=\count186
\off@9=\count187
\off@10=\count188
\off@11=\count189
\off@12=\count190
\off@13=\count191
\off@14=\count192
\off@15=\count193
\@maxfiles=\count194
\@maxoutfiles=\count195

Utility: `docstrip' 2.5g <2018/05/03>
English documentation    <2018/05/03>

**********************************************************
* This program converts documented macro-files into fast *
* loadable files by stripping off (nearly) all comments! *
**********************************************************

********************************************************
* No Configuration file found, using default settings. *
********************************************************

)

Generating file(s) ./vakthesis.cls ./vakaref.cls ./vak2000bs.clo ./vak2007b6.cl
o ./vak2011b910.clo ./casus.sty ./speciality.20070212N70 ./xampl-thesis.tex ./x
ampl-intro.tex ./xampl-ch1.tex ./xampl-concl.tex ./xampl-bib.tex ./xampl-aref.t
ex ./xampl-thesis.bib ./xampl-mybib.bib 
\openout0 = `./vakthesis.cls'.

\openout1 = `./vakaref.cls'.

\openout2 = `./vak2000bs.clo'.

\openout3 = `./vak2007b6.clo'.

\openout4 = `./vak2011b910.clo'.

\openout5 = `./casus.sty'.

\openout6 = `./speciality.20070212N70'.

\openout7 = `./xampl-thesis.tex'.

\openout8 = `./xampl-intro.tex'.

\openout9 = `./xampl-ch1.tex'.

\openout10 = `./xampl-concl.tex'.

\openout11 = `./xampl-bib.tex'.

\openout12 = `./xampl-aref.tex'.

\openout13 = `./xampl-thesis.bib'.

\openout14 = `./xampl-mybib.bib'.


Processing file vakthesis.dtx (vakthesis) -> vakthesis.cls
                              (vakaref) -> vakaref.cls
                              (vak2000bs) -> vak2000bs.clo
                              (vak2007b6) -> vak2007b6.clo
                              (vak2011b910) -> vak2011b910.clo
                              (casus) -> casus.sty
                              (speciality) -> speciality.20070212N70
                              (xampl-thesis) -> xampl-thesis.tex
                              (xampl-intro) -> xampl-intro.tex
                              (xampl-ch1) -> xampl-ch1.tex
                              (xampl-concl) -> xampl-concl.tex
                              (xampl-bib) -> xampl-bib.tex
                              (xampl-aref) -> xampl-aref.tex
                              (xampl-thesis.bib) -> xampl-thesis.bib
                              (xampl-mybib.bib) -> xampl-mybib.bib
File vakthesis.dtx ended by \endinput.
Lines  processed: 4675
Comments removed: 2799
Comments  passed: 56
Codelines passed: 1657

***********************************************************
*
* To finish the installation you have to move the following
* files into a directory searched by TeX:
*
*   vakthesis.cls
*   vakaref.cls
*   casus.sty
*   speciality.20070212N70
*   xampl-thesis.tex
*   xampl-intro.tex
*   xampl-ch1.tex
*   xampl-concl.tex
*   xampl-bib.tex
*   xampl-aref.tex
*   xampl-thesis.bib
*   xampl-mybib.bib
*
* To produce the documentation run the file vakthesis.dtx
* through LaTeX.
*
* Happy LaTeXing!
*
***********************************************************
 ) 
Here is how much of TeX's memory you used:
 458 strings out of 482058
 5321 string characters out of 5940704
 238945 words of memory out of 5000000
 15606 multiletter control sequences out of 15000+600000
 532338 words of font info for 24 fonts, out of 8000000 for 9000
 766 hyphenation exceptions out of 8191
 13i,0n,15p,526b,280s stack positions out of 5000i,500n,10000p,200000b,80000s

No pages of output.
